<?xml version="1.0" encoding="UTF-8"?>
<!-- Generated by org.testng.reporters.JUnitReportReporter -->
<testsuite hostname="DESKTOP-05SK05C" failures="0" tests="1" name="org.jobiak.domain.tests.homepage.TestCase_Terms_Page" time="15.249" errors="0" timestamp="2023-07-12T15:09:15 IST" skipped="0">
  <testcase classname="org.jobiak.domain.tests.homepage.TestCase_Terms_Page" name="tp_tc" time="15.249"/>
</testsuite> <!-- org.jobiak.domain.tests.homepage.TestCase_Terms_Page -->
