<?xml version="1.0" encoding="UTF-8"?>
<!-- Generated by org.testng.reporters.JUnitReportReporter -->
<testsuite hostname="DESKTOP-05SK05C" failures="0" tests="1" name="org.jobiak.domain.tests.homepage.TestCase_Contact_Page" time="18.895" errors="0" timestamp="2023-07-12T15:09:15 IST" skipped="0">
  <testcase classname="org.jobiak.domain.tests.homepage.TestCase_Contact_Page" name="contactpage" time="18.895"/>
</testsuite> <!-- org.jobiak.domain.tests.homepage.TestCase_Contact_Page -->
