<?xml version="1.0" encoding="UTF-8"?>
<!-- Generated by org.testng.reporters.JUnitReportReporter -->
<testsuite hostname="DESKTOP-05SK05C" failures="0" tests="1" name="org.jobiak.domain.tests.searchpage.TestCase_Search_Title" time="116.923" errors="0" timestamp="2023-07-12T15:09:14 IST" skipped="0">
  <testcase classname="org.jobiak.domain.tests.searchpage.TestCase_Search_Title" name="titlesearch" time="116.923"/>
</testsuite> <!-- org.jobiak.domain.tests.searchpage.TestCase_Search_Title -->
