<?xml version="1.0" encoding="UTF-8"?>
<!-- Generated by org.testng.reporters.JUnitReportReporter -->
<testsuite hostname="DESKTOP-05SK05C" failures="0" tests="1" name="org.jobiak.domain.tests.landingpage.TestCase_H_F_LP" time="27.215" errors="0" timestamp="2023-07-12T15:09:15 IST" skipped="0">
  <testcase classname="org.jobiak.domain.tests.landingpage.TestCase_H_F_LP" name="h_f_lp" time="27.215"/>
</testsuite> <!-- org.jobiak.domain.tests.landingpage.TestCase_H_F_LP -->
